2025-04-03 11:13:53 - markdown_converter - INFO - 开始转换文件: E:\PythonProjects\Markdown\test file\AI戒指三代硬件需求表.docx
2025-04-03 11:13:53 - markdown_converter - INFO - 使用解析器: WordParser
2025-04-03 11:13:54 - markdown_converter - INFO - 文件解析完成: E:\PythonProjects\Markdown\test file\AI戒指三代硬件需求表.docx
2025-04-03 11:13:54 - markdown_converter - INFO - Markdown生成完成
2025-04-03 11:13:54 - markdown_converter - INFO - 文件保存成功: E:\PythonProjects\Markdown\output\AI戒指三代硬件需求表.md
2025-04-03 11:13:54 - markdown_converter - INFO - 开始转换文件: E:\PythonProjects\Markdown\test file\智能腕表2代.docx
2025-04-03 11:13:54 - markdown_converter - INFO - 使用解析器: WordParser
2025-04-03 11:13:54 - markdown_converter - INFO - 文件解析完成: E:\PythonProjects\Markdown\test file\智能腕表2代.docx
2025-04-03 11:13:54 - markdown_converter - INFO - Markdown生成完成
2025-04-03 11:13:54 - markdown_converter - INFO - 文件保存成功: E:\PythonProjects\Markdown\output\智能腕表2代.md
2025-04-03 11:19:04 - markdown_converter - INFO - 开始转换文件: E:\PythonProjects\Markdown\test file\AI戒指三代硬件需求表.docx
2025-04-03 11:19:04 - markdown_converter - INFO - 使用解析器: WordParser
2025-04-03 11:19:04 - markdown_converter - INFO - 文件解析完成: E:\PythonProjects\Markdown\test file\AI戒指三代硬件需求表.docx
2025-04-03 11:19:04 - markdown_converter - INFO - Markdown生成完成
2025-04-03 11:19:04 - markdown_converter - INFO - 文件保存成功: E:\PythonProjects\Markdown\output\AI戒指三代硬件需求表.md
2025-04-03 11:19:04 - markdown_converter - INFO - 开始转换文件: E:\PythonProjects\Markdown\test file\智能腕表2代.docx
2025-04-03 11:19:04 - markdown_converter - INFO - 使用解析器: WordParser
2025-04-03 11:19:04 - markdown_converter - INFO - 文件解析完成: E:\PythonProjects\Markdown\test file\智能腕表2代.docx
2025-04-03 11:19:04 - markdown_converter - INFO - Markdown生成完成
2025-04-03 11:19:04 - markdown_converter - INFO - 文件保存成功: E:\PythonProjects\Markdown\output\智能腕表2代.md
2025-04-03 11:19:42 - markdown_converter - INFO - 开始转换文件: E:\PythonProjects\Markdown\test file\AI戒指三代硬件需求表.docx
2025-04-03 11:19:42 - markdown_converter - INFO - 使用解析器: WordParser
2025-04-03 11:19:42 - markdown_converter - INFO - 文件解析完成: E:\PythonProjects\Markdown\test file\AI戒指三代硬件需求表.docx
2025-04-03 11:19:42 - markdown_converter - INFO - Markdown生成完成
2025-04-03 11:19:42 - markdown_converter - INFO - 文件保存成功: E:\PythonProjects\Markdown\output\AI戒指三代硬件需求表.md
2025-04-03 11:19:42 - markdown_converter - INFO - 开始转换文件: E:\PythonProjects\Markdown\test file\智能腕表2代.docx
2025-04-03 11:19:42 - markdown_converter - INFO - 使用解析器: WordParser
2025-04-03 11:19:42 - markdown_converter - INFO - 文件解析完成: E:\PythonProjects\Markdown\test file\智能腕表2代.docx
2025-04-03 11:19:42 - markdown_converter - INFO - Markdown生成完成
2025-04-03 11:19:42 - markdown_converter - INFO - 文件保存成功: E:\PythonProjects\Markdown\output\智能腕表2代.md
2025-04-03 17:12:17 - markdown_converter - INFO - 开始转换文件: E:\PythonProjects\Markdown\test file\AI戒指三代硬件需求表.docx
2025-04-03 17:12:17 - markdown_converter - INFO - 使用解析器: WordParser
2025-04-03 17:12:23 - markdown_converter - INFO - 文件解析完成: E:\PythonProjects\Markdown\test file\AI戒指三代硬件需求表.docx
2025-04-03 17:12:23 - markdown_converter - INFO - Markdown生成完成
2025-04-03 17:12:23 - markdown_converter - INFO - 文件保存成功: E:\PythonProjects\Markdown\output\AI戒指三代硬件需求表.md
2025-04-03 17:12:23 - markdown_converter - INFO - 开始转换文件: E:\PythonProjects\Markdown\test file\智能腕表2代.docx
2025-04-03 17:12:23 - markdown_converter - INFO - 使用解析器: WordParser
2025-04-03 17:12:23 - markdown_converter - INFO - 文件解析完成: E:\PythonProjects\Markdown\test file\智能腕表2代.docx
2025-04-03 17:12:23 - markdown_converter - INFO - Markdown生成完成
2025-04-03 17:12:23 - markdown_converter - INFO - 文件保存成功: E:\PythonProjects\Markdown\output\智能腕表2代.md
2025-04-03 17:38:34 - markdown_converter - INFO - 开始转换文件: E:\PythonProjects\Markdown\test file\AI戒指三代硬件需求表.docx
2025-04-03 17:38:34 - markdown_converter - INFO - 使用解析器: WordParser
2025-04-03 17:38:34 - markdown_converter - INFO - 文件解析完成: E:\PythonProjects\Markdown\test file\AI戒指三代硬件需求表.docx
2025-04-03 17:38:34 - markdown_converter - INFO - Markdown生成完成
2025-04-03 17:38:34 - markdown_converter - INFO - 文件保存成功: E:\PythonProjects\Markdown\output\AI戒指三代硬件需求表.md
2025-04-03 17:38:34 - markdown_converter - INFO - 开始转换文件: E:\PythonProjects\Markdown\test file\智能腕表2代.docx
2025-04-03 17:38:34 - markdown_converter - INFO - 使用解析器: WordParser
2025-04-03 17:38:34 - markdown_converter - INFO - 文件解析完成: E:\PythonProjects\Markdown\test file\智能腕表2代.docx
2025-04-03 17:38:34 - markdown_converter - INFO - Markdown生成完成
2025-04-03 17:38:34 - markdown_converter - INFO - 文件保存成功: E:\PythonProjects\Markdown\output\智能腕表2代.md
2025-04-03 17:41:29 - markdown_converter - INFO - 开始转换文件: E:\PythonProjects\Markdown\test file\AI戒指三代硬件需求表.docx
2025-04-03 17:41:29 - markdown_converter - INFO - 使用解析器: WordParser
2025-04-03 17:41:29 - markdown_converter - INFO - 文件解析完成: E:\PythonProjects\Markdown\test file\AI戒指三代硬件需求表.docx
2025-04-03 17:41:29 - markdown_converter - INFO - Markdown生成完成
2025-04-03 17:41:29 - markdown_converter - INFO - 文件保存成功: E:\PythonProjects\Markdown\output\AI戒指三代硬件需求表.md
2025-04-03 17:41:29 - markdown_converter - INFO - 开始转换文件: E:\PythonProjects\Markdown\test file\智能腕表2代.docx
2025-04-03 17:41:29 - markdown_converter - INFO - 使用解析器: WordParser
2025-04-03 17:41:29 - markdown_converter - INFO - 文件解析完成: E:\PythonProjects\Markdown\test file\智能腕表2代.docx
2025-04-03 17:41:29 - markdown_converter - INFO - Markdown生成完成
2025-04-03 17:41:29 - markdown_converter - INFO - 文件保存成功: E:\PythonProjects\Markdown\output\智能腕表2代.md
